[INFO ] 22-06-2022 21:31:22 [main] Log - Step1: Navigate to google website
[INFO ] 22-06-2022 21:31:23 [main] Log - Step2: Verify google search box display
[INFO ] 22-06-2022 21:31:23 [main] Log - Step3: Search for value
[INFO ] 22-06-2022 21:41:10 [main] Log - Step1: Navigate to google website
[INFO ] 22-06-2022 21:41:11 [main] Log - Step2: Verify google search box display
[INFO ] 22-06-2022 21:41:12 [main] Log - Step3: Search for value
[INFO ] 22-06-2022 21:41:36 [main] Log - Step1: Navigate to google website
[INFO ] 22-06-2022 21:41:37 [main] Log - Step2: Verify google search box display
[INFO ] 22-06-2022 21:41:37 [main] Log - Step3: Search for value
[INFO ] 22-06-2022 21:44:12 [main] Log - Step1: Navigate to google website
[INFO ] 22-06-2022 21:44:13 [main] Log - Step2: Verify google search box display
[INFO ] 22-06-2022 21:44:14 [main] Log - Step3: Search for value
[INFO ] 22-06-2022 21:45:27 [main] Log - Step1: Navigate to google website
[INFO ] 22-06-2022 21:45:28 [main] Log - Step2: Verify google search box display
[INFO ] 22-06-2022 21:45:28 [main] Log - Step3: Search for value
[INFO ] 22-06-2022 21:51:16 [main] Log - Step1: Navigate to google website
[INFO ] 22-06-2022 21:51:17 [main] Log - Step2: Verify google search box display
[INFO ] 22-06-2022 21:51:17 [main] Log - Step3: Search for value
[INFO ] 22-06-2022 22:05:33 [main] Log - Step1: Navigate to google website
[INFO ] 22-06-2022 22:05:34 [main] Log - Step2: Verify google search box display
[INFO ] 22-06-2022 22:05:35 [main] Log - Step3: Search for value
[INFO ] 22-06-2022 22:05:37 [main] Log - Step4: verify search string remained on the search box
[INFO ] 23-06-2022 21:03:21 [main] Log - Step1: Navigate to google website
[INFO ] 23-06-2022 21:03:22 [main] Log - Step2: Verify google search box display
[INFO ] 23-06-2022 21:03:22 [main] Log - Step3: Search for value
[INFO ] 23-06-2022 21:03:24 [main] Log - Step4: verify search string remained on the search box
[INFO ] 23-06-2022 23:05:11 [main] Log - Step1: Navigate to google website
[INFO ] 23-06-2022 23:05:11 [main] Log - Step2: Verify google search box display
[INFO ] 23-06-2022 23:05:12 [main] Log - Step3: Search for value
[INFO ] 23-06-2022 23:05:14 [main] Log - Step4: verify search string remained on the search box
[INFO ] 23-06-2022 23:05:14 [main] Log - Step5: verify people also ask section
[INFO ] 23-06-2022 23:05:14 [main] Log - Step6: verify video section
[INFO ] 23-06-2022 23:14:44 [main] Log - Step1: Navigate to google website
[INFO ] 23-06-2022 23:14:44 [main] Log - Step2: Verify google search box display
[INFO ] 23-06-2022 23:14:45 [main] Log - Step3: Search for value
[INFO ] 23-06-2022 23:14:46 [main] Log - Step4: verify search string remained on the search box
[INFO ] 23-06-2022 23:14:46 [main] Log - Step6: verify first result display
[INFO ] 23-06-2022 23:14:46 [main] Log - Step6: verify people also ask section
[INFO ] 23-06-2022 23:14:46 [main] Log - Step7: verify video section
[ERROR] 23-06-2022 23:14:46 [main] Log - java.lang.NullPointerException: Cannot invoke "org.openqa.selenium.WebElement.getText()" because "itemText" is null
[INFO ] 23-06-2022 23:16:20 [main] Log - Step1: Navigate to google website
[INFO ] 23-06-2022 23:16:21 [main] Log - Step2: Verify google search box display
[INFO ] 23-06-2022 23:16:21 [main] Log - Step3: Search for value
[INFO ] 23-06-2022 23:16:22 [main] Log - Step4: verify search string remained on the search box
[INFO ] 23-06-2022 23:16:22 [main] Log - Step6: verify first result display
[INFO ] 23-06-2022 23:16:22 [main] Log - Step6: verify people also ask section
[ERROR] 23-06-2022 23:17:01 [main] Log - java.lang.NullPointerException: Cannot invoke "org.openqa.selenium.WebElement.isDisplayed()" because "element" is null
[INFO ] 23-06-2022 23:17:01 [main] Log - Step7: verify video section
[INFO ] 23-06-2022 23:17:05 [main] Log - Step1: Navigate to google website
[INFO ] 23-06-2022 23:17:06 [main] Log - Step2: Verify google search box display
[INFO ] 23-06-2022 23:17:06 [main] Log - Step3: Search for value
[INFO ] 23-06-2022 23:17:08 [main] Log - Step4: verify search string remained on the search box
[INFO ] 23-06-2022 23:17:08 [main] Log - Step6: verify first result display
[INFO ] 23-06-2022 23:17:08 [main] Log - Step6: verify people also ask section
[ERROR] 23-06-2022 23:17:08 [main] Log - java.lang.NullPointerException: Cannot invoke "org.openqa.selenium.WebElement.isDisplayed()" because "element" is null
[INFO ] 23-06-2022 23:17:08 [main] Log - Step7: verify video section
[INFO ] 23-06-2022 23:18:05 [main] Log - Step1: Navigate to google website
[INFO ] 23-06-2022 23:18:06 [main] Log - Step2: Verify google search box display
[INFO ] 23-06-2022 23:18:06 [main] Log - Step3: Search for value
[INFO ] 23-06-2022 23:18:07 [main] Log - Step4: verify search string remained on the search box
[INFO ] 23-06-2022 23:18:08 [main] Log - Step6: verify first result display
[INFO ] 23-06-2022 23:18:08 [main] Log - Step6: verify people also ask section
[INFO ] 23-06-2022 23:19:46 [main] Log - Step1: Navigate to google website
[INFO ] 23-06-2022 23:19:47 [main] Log - Step2: Verify google search box display
[INFO ] 23-06-2022 23:19:47 [main] Log - Step3: Search for value
[INFO ] 23-06-2022 23:19:48 [main] Log - Step4: verify search string remained on the search box
[INFO ] 23-06-2022 23:19:48 [main] Log - Step6: verify first result display
[INFO ] 23-06-2022 23:19:48 [main] Log - Step6: verify people also ask section
[INFO ] 23-06-2022 23:21:04 [main] Log - Step1: Navigate to google website
[INFO ] 23-06-2022 23:21:04 [main] Log - Step2: Verify google search box display
[INFO ] 23-06-2022 23:21:05 [main] Log - Step3: Search for value
[INFO ] 23-06-2022 23:21:06 [main] Log - Step4: verify search string remained on the search box
[INFO ] 23-06-2022 23:21:06 [main] Log - Step6: verify first result display
[INFO ] 23-06-2022 23:21:06 [main] Log - Step6: verify people also ask section
[INFO ] 23-06-2022 23:23:45 [main] Log - Step1: Navigate to google website
[INFO ] 23-06-2022 23:23:45 [main] Log - Step2: Verify google search box display
[INFO ] 23-06-2022 23:23:46 [main] Log - Step3: Search for value
[INFO ] 23-06-2022 23:23:47 [main] Log - Step4: verify search string remained on the search box
[INFO ] 23-06-2022 23:23:47 [main] Log - Step6: verify first result display
[INFO ] 23-06-2022 23:23:47 [main] Log - Step7: verify video section
[INFO ] 23-06-2022 23:25:21 [main] Log - Step1: Navigate to google website
[INFO ] 23-06-2022 23:25:22 [main] Log - Step2: Verify google search box display
[INFO ] 23-06-2022 23:25:23 [main] Log - Step3: Search for value
[INFO ] 23-06-2022 23:25:24 [main] Log - Step4: verify search string remained on the search box
[INFO ] 23-06-2022 23:25:24 [main] Log - Step6: verify first result display
[INFO ] 23-06-2022 23:25:24 [main] Log - Step7: verify video section
[INFO ] 23-06-2022 23:27:44 [main] Log - Step1: Navigate to google website
[INFO ] 23-06-2022 23:27:45 [main] Log - Step2: Verify google search box display
[INFO ] 23-06-2022 23:27:45 [main] Log - Step3: Search for value
[INFO ] 23-06-2022 23:27:47 [main] Log - Step4: verify search string remained on the search box
[INFO ] 23-06-2022 23:27:47 [main] Log - Step6: verify first result display
[INFO ] 23-06-2022 23:27:47 [main] Log - Step6: verify people also ask section
[INFO ] 23-06-2022 23:32:31 [main] Log - Step1: Navigate to google website
[INFO ] 23-06-2022 23:32:31 [main] Log - Step2: Verify google search box display
[INFO ] 23-06-2022 23:32:32 [main] Log - Step3: Search for value
[INFO ] 23-06-2022 23:32:33 [main] Log - Step4: verify search string remained on the search box
[INFO ] 23-06-2022 23:32:33 [main] Log - Step6: verify first result display
[INFO ] 23-06-2022 23:32:33 [main] Log - Step6: verify people also ask section
[INFO ] 23-06-2022 23:39:03 [main] Log - Step1: Navigate to google website
[INFO ] 23-06-2022 23:39:04 [main] Log - Step2: Verify google search box display
[INFO ] 23-06-2022 23:39:04 [main] Log - Step3: Search for value
[INFO ] 23-06-2022 23:39:06 [main] Log - Step4: verify search string remained on the search box
[INFO ] 23-06-2022 23:39:06 [main] Log - Step6: verify first result display
[INFO ] 23-06-2022 23:39:06 [main] Log - Step6: verify people also ask section
[INFO ] 23-06-2022 23:39:56 [main] Log - Step1: Navigate to google website
[INFO ] 23-06-2022 23:39:56 [main] Log - Step2: Verify google search box display
[INFO ] 23-06-2022 23:39:57 [main] Log - Step3: Search for value
[INFO ] 23-06-2022 23:39:58 [main] Log - Step4: verify search string remained on the search box
[INFO ] 23-06-2022 23:39:58 [main] Log - Step6: verify first result display
[INFO ] 23-06-2022 23:39:58 [main] Log - Step6: verify people also ask section
[INFO ] 23-06-2022 23:41:21 [main] Log - Step1: Navigate to google website
[INFO ] 23-06-2022 23:41:22 [main] Log - Step2: Verify google search box display
[INFO ] 23-06-2022 23:41:22 [main] Log - Step3: Search for value
[INFO ] 23-06-2022 23:41:24 [main] Log - Step4: verify search string remained on the search box
[INFO ] 23-06-2022 23:41:24 [main] Log - Step6: verify first result display
[INFO ] 23-06-2022 23:41:24 [main] Log - Step7: verify people also ask section
[INFO ] 23-06-2022 23:42:42 [main] Log - Step1: Navigate to google website
[INFO ] 23-06-2022 23:42:42 [main] Log - Step2: Verify google search box display
[INFO ] 23-06-2022 23:42:43 [main] Log - Step3: Search for value
[INFO ] 23-06-2022 23:42:45 [main] Log - Step4: verify search string remained on the search box
[INFO ] 23-06-2022 23:42:45 [main] Log - Step6: verify first result display
[INFO ] 23-06-2022 23:42:45 [main] Log - Step7: verify people also ask section
[INFO ] 23-06-2022 23:48:42 [main] Log - Step1: Navigate to google website
[INFO ] 23-06-2022 23:48:43 [main] Log - Step2: Verify google search box display
[INFO ] 23-06-2022 23:48:43 [main] Log - Step3: Search for value
[INFO ] 23-06-2022 23:48:45 [main] Log - Step4: verify search string remained on the search box
[INFO ] 23-06-2022 23:48:45 [main] Log - Step6: verify first result display
[INFO ] 23-06-2022 23:48:45 [main] Log - Step7: verify people also ask section
[INFO ] 23-06-2022 23:48:45 [main] Log - Step8: verify video section
[INFO ] 24-06-2022 00:00:25 [main] Log - Step1: Navigate to google website
[INFO ] 24-06-2022 00:00:26 [main] Log - Step2: Verify google search box display
[INFO ] 24-06-2022 00:00:27 [main] Log - Step3: Search for value
[INFO ] 24-06-2022 00:00:28 [main] Log - Step4: verify search string remained on the search box
[INFO ] 24-06-2022 00:00:28 [main] Log - Step6: verify first result display
[INFO ] 24-06-2022 00:00:28 [main] Log - Step7: verify people also ask section
[INFO ] 24-06-2022 00:00:28 [main] Log - Step8: verify video section contains search value
[INFO ] 24-06-2022 00:00:28 [main] Log - Step9: verify top stories section
[INFO ] 24-06-2022 00:17:20 [main] Log - Step1: Navigate to google website
[INFO ] 24-06-2022 00:17:21 [main] Log - Step2: Search for value
[INFO ] 24-06-2022 00:17:22 [main] Log - Step3: Click on first video
[INFO ] 24-06-2022 00:17:50 [main] Log - Step1: Navigate to google website
[INFO ] 24-06-2022 00:17:51 [main] Log - Step2: Search for value
[INFO ] 24-06-2022 00:17:53 [main] Log - Step3: Click on first video
[INFO ] 24-06-2022 00:18:30 [main] Log - Step1: Navigate to google website
[INFO ] 24-06-2022 00:18:32 [main] Log - Step2: Search for value
[INFO ] 24-06-2022 00:18:33 [main] Log - Step3: Click on first video
[INFO ] 24-06-2022 00:18:50 [main] Log - Step1: Navigate to google website
[INFO ] 24-06-2022 00:18:52 [main] Log - Step2: Search for value
[INFO ] 24-06-2022 00:18:53 [main] Log - Step3: Click on first video
[INFO ] 24-06-2022 00:20:16 [main] Log - Step1: Navigate to google website
[INFO ] 24-06-2022 00:20:17 [main] Log - Step2: Search for value
[INFO ] 24-06-2022 00:20:19 [main] Log - Step3: Click on first video
[INFO ] 24-06-2022 00:26:06 [main] Log - Step1: Navigate to google website
[INFO ] 24-06-2022 00:26:07 [main] Log - Step2: Search for value
[INFO ] 24-06-2022 00:26:09 [main] Log - Step3: Click on first video
[INFO ] 24-06-2022 00:26:50 [main] Log - Step1: Navigate to google website
[INFO ] 24-06-2022 00:26:52 [main] Log - Step2: Search for value
[INFO ] 24-06-2022 00:26:53 [main] Log - Step3: Click on first video
[INFO ] 24-06-2022 00:29:08 [main] Log - Step1: Navigate to google website
[INFO ] 24-06-2022 00:29:09 [main] Log - Step2: Search for value
[INFO ] 24-06-2022 00:29:11 [main] Log - Step3: Click on first video
[INFO ] 24-06-2022 00:30:20 [main] Log - Step1: Navigate to google website
[INFO ] 24-06-2022 00:30:21 [main] Log - Step2: Search for value
[INFO ] 24-06-2022 00:30:22 [main] Log - Step3: Click on first video
[INFO ] 24-06-2022 00:38:09 [main] Log - Step1: Navigate to google website
[INFO ] 24-06-2022 00:38:10 [main] Log - Step2: Search for value
[INFO ] 24-06-2022 00:38:11 [main] Log - Step3: Click on first video
[INFO ] 24-06-2022 00:41:24 [main] Log - Step1: Navigate to google website
[INFO ] 24-06-2022 00:41:25 [main] Log - Step2: Search for value
[INFO ] 24-06-2022 00:41:26 [main] Log - Step3: Click on first video
[INFO ] 24-06-2022 00:41:47 [main] Log - Step1: Navigate to google website
[INFO ] 24-06-2022 00:41:48 [main] Log - Step2: Search for value
[INFO ] 24-06-2022 00:41:50 [main] Log - Step3: Click on first video
[INFO ] 24-06-2022 00:44:16 [main] Log - Step1: Navigate to google website
[INFO ] 24-06-2022 00:44:18 [main] Log - Step2: Search for value
[INFO ] 24-06-2022 00:44:20 [main] Log - Step3: Click on first video
